2016-03-19 08:18:40,672 DEBUG [org.eclipse.jetty.util.log] Logging to org.slf4j.impl.Log4jLoggerAdapter(org.eclipse.jetty.util.log) via org.eclipse.jetty.util.log.Slf4jLog
2016-03-19 08:18:41,532 INFO  [org.springframework.web.context.ContextLoader] Root WebApplicationContext: initialization started
2016-03-19 08:18:42,851 DEBUG [org.springframework.web.context.support.StandardServletEnvironment] Initializing new StandardServletEnvironment
2016-03-19 08:18:42,855 DEBUG [org.springframework.web.context.support.StandardServletEnvironment] Adding [servletConfigInitParams] PropertySource with lowest search precedence
2016-03-19 08:18:42,856 DEBUG [org.springframework.web.context.support.StandardServletEnvironment] Adding [servletContextInitParams] PropertySource with lowest search precedence
2016-03-19 08:18:42,869 DEBUG [org.springframework.web.context.support.StandardServletEnvironment] Adding [jndiProperties] PropertySource with lowest search precedence
2016-03-19 08:18:42,870 DEBUG [org.springframework.web.context.support.StandardServletEnvironment] Adding [systemProperties] PropertySource with lowest search precedence
2016-03-19 08:18:42,871 DEBUG [org.springframework.web.context.support.StandardServletEnvironment] Adding [systemEnvironment] PropertySource with lowest search precedence
2016-03-19 08:18:42,871 DEBUG [org.springframework.web.context.support.StandardServletEnvironment] Initialized StandardServletEnvironment with PropertySources [servletConfigInitParams,servletContextInitParams,jndiProperties,systemProperties,systemEnvironment]
2016-03-19 08:18:42,878 INFO  [org.springframework.web.context.support.XmlWebApplicationContext] Refreshing Root WebApplicationContext: startup date [Sat Mar 19 08:18:42 EET 2016]; root of context hierarchy
2016-03-19 08:18:42,893 DEBUG [org.springframework.web.context.support.StandardServletEnvironment] Replacing [servletContextInitParams] PropertySource with [servletContextInitParams]
2016-03-19 08:18:43,100 DEBUG [org.springframework.core.env.StandardEnvironment] Initializing new StandardEnvironment
2016-03-19 08:18:43,100 DEBUG [org.springframework.core.env.StandardEnvironment] Adding [systemProperties] PropertySource with lowest search precedence
2016-03-19 08:18:43,101 DEBUG [org.springframework.core.env.StandardEnvironment] Adding [systemEnvironment] PropertySource with lowest search precedence
2016-03-19 08:18:43,101 DEBUG [org.springframework.core.env.StandardEnvironment] Initialized StandardEnvironment with PropertySources [systemProperties,systemEnvironment]
2016-03-19 08:18:43,104 DEBUG [org.springframework.core.env.StandardEnvironment] Initializing new StandardEnvironment
2016-03-19 08:18:43,105 DEBUG [org.springframework.core.env.StandardEnvironment] Adding [systemProperties] PropertySource with lowest search precedence
2016-03-19 08:18:43,105 DEBUG [org.springframework.core.env.StandardEnvironment] Adding [systemEnvironment] PropertySource with lowest search precedence
2016-03-19 08:18:43,105 DEBUG [org.springframework.core.env.StandardEnvironment] Initialized StandardEnvironment with PropertySources [systemProperties,systemEnvironment]
2016-03-19 08:18:43,135 INFO  [org.springframework.beans.factory.xml.XmlBeanDefinitionReader] Loading XML bean definitions from ServletContext resource [/WEB-INF/applicationContext-CXF.xml]
2016-03-19 08:18:43,145 DEBUG [org.springframework.beans.factory.xml.DefaultDocumentLoader] Using JAXP provider [com.sun.org.apache.xerces.internal.jaxp.DocumentBuilderFactoryImpl]
2016-03-19 08:18:43,257 DEBUG [org.springframework.beans.factory.xml.PluggableSchemaResolver] Loading schema mappings from [META-INF/spring.schemas]
2016-03-19 08:18:43,270 DEBUG [org.springframework.beans.factory.xml.PluggableSchemaResolver] Loaded schema mappings: {http://www.springframework.org/schema/tx/spring-tx-2.5.xsd=org/springframework/transaction/config/spring-tx-2.5.xsd, http://www.springframework.org/schema/context/spring-context-3.1.xsd=org/springframework/context/config/spring-context-3.1.xsd, http://www.springframework.org/schema/util/spring-util-3.0.xsd=org/springframework/beans/factory/xml/spring-util-3.0.xsd, http://cxf.apache.org/schemas/configuration/http-conf.xsd=schemas/configuration/http-conf.xsd, http://cxf.apache.org/configuration/parameterized-types=schemas/configuration/parameterized-types.xsd, http://www.w3.org/TR/xmldsig-core/xmldsig-core-schema.xsd=schemas/xmldsig-core-schema.xsd, http://www.springframework.org/schema/tool/spring-tool.xsd=org/springframework/beans/factory/xml/spring-tool-3.1.xsd, http://www.w3.org/2006/07/ws-policy.xsd=schemas/ws-policy-200607.xsd, http://cxf.apache.org/schemas/jaxrs.xsd=schemas/jaxrs.xsd, http://www.springframework.org/schema/jdbc/spring-jdbc-3.1.xsd=org/springframework/jdbc/config/spring-jdbc-3.1.xsd, http://cxf.apache.org/schemas/configuration/wsrm-manager.xsd=schemas/configuration/wsrm-manager.xsd, http://www.springframework.org/schema/util/spring-util-2.0.xsd=org/springframework/beans/factory/xml/spring-util-2.0.xsd, http://www.springframework.org/schema/context/spring-context.xsd=org/springframework/context/config/spring-context-3.1.xsd, http://schemas.xmlsoap.org/ws/2004/08/addressing=schemas/wsdl/addressing.xsd, http://www.springframework.org/schema/context/spring-context-3.0.xsd=org/springframework/context/config/spring-context-3.0.xsd, http://docs.oasis-open.org/wss/2004/01/oasis-200401-wss-wssecurity-secext-1.0.xsd=schemas/oasis-200401-wss-wssecurity-secext-1.0.xsd, http://www.springframework.org/schema/util/spring-util-2.5.xsd=org/springframework/beans/factory/xml/spring-util-2.5.xsd, http://www.springframework.org/schema/aop/spring-aop-3.1.xsd=org/springframework/aop/config/spring-aop-3.1.xsd, http://schemas.xmlsoap.org/wsdl/=schemas/wsdl/wsdl.xsd, http://cxf.apache.org/schemas/bindings/object.xsd=schemas/bindings/object.xsd, http://www.springframework.org/schema/lang/spring-lang-3.1.xsd=org/springframework/scripting/config/spring-lang-3.1.xsd, http://www.springframework.org/schema/cache/spring-cache-3.1.xsd=org/springframework/cache/config/spring-cache-3.1.xsd, http://cxf.apache.org/schemas/configuration/jms.xsd=schemas/configuration/jms.xsd, http://www.springframework.org/schema/jdbc/spring-jdbc-3.0.xsd=org/springframework/jdbc/config/spring-jdbc-3.0.xsd, http://www.springframework.org/schema/jdbc/spring-jdbc.xsd=org/springframework/jdbc/config/spring-jdbc-3.1.xsd, http://cxf.apache.org/schemas/configuration/http-jetty.xsd=schemas/configuration/http-jetty.xsd, http://www.springframework.org/schema/tool/spring-tool-3.1.xsd=org/springframework/beans/factory/xml/spring-tool-3.1.xsd, http://schemas.xmlsoap.org/wsdl/http/=schemas/wsdl/http.xsd, http://cxf.apache.org/schemas/wsdl/jms.xsd=schemas/wsdl/jms.xsd, http://www.springframework.org/schema/jee/spring-jee-3.1.xsd=org/springframework/ejb/config/spring-jee-3.1.xsd, http://docs.oasis-open.org/wss/2004/01/oasis-200401-wss-wssecurity-utility-1.0.xsd=schemas/oasis-200401-wss-wssecurity-utility-1.0.xsd, http://cxf.apache.org/schemas/configuration/parameterized-types.xsd=schemas/configuration/parameterized-types.xsd, http://www.springframework.org/schema/beans/spring-beans-3.1.xsd=org/springframework/beans/factory/xml/spring-beans-3.1.xsd, http://www.springframework.org/schema/util/spring-util.xsd=org/springframework/beans/factory/xml/spring-util-3.1.xsd, http://www.springframework.org/schema/aop/spring-aop-3.0.xsd=org/springframework/aop/config/spring-aop-3.0.xsd, http://schemas.xmlsoap.org/ws/2005/02/rm/wsrm-policy.xsd=schemas/configuration/wsrm-policy.xsd, http://www.springframework.org/schema/beans/spring-beans.xsd=org/springframework/beans/factory/xml/spring-beans-3.1.xsd, http://www.springframework.org/schema/lang/spring-lang-3.0.xsd=org/springframework/scripting/config/spring-lang-3.0.xsd, http://www.springframework.org/schema/tx/spring-tx-3.1.xsd=org/springframework/transaction/config/spring-tx-3.1.xsd, http://schemas.xmlsoap.org/wsdl/2003-02-11.xsd=schemas/wsdl/wsdl.xsd, http://www.springframework.org/schema/context/spring-context-2.5.xsd=org/springframework/context/config/spring-context-2.5.xsd, http://cxf.apache.org/schemas/ws/addressing.xsd=schemas/ws-addr-conf.xsd, http://cxf.apache.org/schemas/coloc-feature.xsd=schemas/coloc-feature.xsd, http://www.springframework.org/schema/tool/spring-tool-3.0.xsd=org/springframework/beans/factory/xml/spring-tool-3.0.xsd, http://www.springframework.org/schema/aop/spring-aop-2.0.xsd=org/springframework/aop/config/spring-aop-2.0.xsd, http://www.springframework.org/schema/jee/spring-jee-3.0.xsd=org/springframework/ejb/config/spring-jee-3.0.xsd, http://www.springframework.org/schema/task/spring-task-3.1.xsd=org/springframework/scheduling/config/spring-task-3.1.xsd, http://www.springframework.org/schema/beans/spring-beans-3.0.xsd=org/springframework/beans/factory/xml/spring-beans-3.0.xsd, http://cxf.apache.org/schemas/wsdl/http-conf.xsd=schemas/wsdl/http-conf.xsd, http://www.w3.org/2001/xml.xsd=schemas/xml.xsd, http://www.springframework.org/schema/jee/spring-jee.xsd=org/springframework/ejb/config/spring-jee-3.1.xsd, http://www.springframework.org/schema/aop/spring-aop-2.5.xsd=org/springframework/aop/config/spring-aop-2.5.xsd, http://www.springframework.org/schema/lang/spring-lang-2.0.xsd=org/springframework/scripting/config/spring-lang-2.0.xsd, http://www.w3.org/2007/02/ws-policy.xsd=schemas/ws-policy-200702.xsd, http://www.springframework.org/schema/task/spring-task.xsd=org/springframework/scheduling/config/spring-task-3.1.xsd, http://www.springframework.org/schema/tool/spring-tool-2.0.xsd=org/springframework/beans/factory/xml/spring-tool-2.0.xsd, http://www.springframework.org/schema/tx/spring-tx-3.0.xsd=org/springframework/transaction/config/spring-tx-3.0.xsd, http://www.springframework.org/schema/lang/spring-lang-2.5.xsd=org/springframework/scripting/config/spring-lang-2.5.xsd, http://cxf.apache.org/schemas/policy.xsd=schemas/policy.xsd, http://schemas.xmlsoap.org/ws/2004/09/policy/ws-policy.xsd=schemas/ws-policy-200409.xsd, http://www.springframework.org/schema/jee/spring-jee-2.0.xsd=org/springframework/ejb/config/spring-jee-2.0.xsd, http://www.springframework.org/schema/tool/spring-tool-2.5.xsd=org/springframework/beans/factory/xml/spring-tool-2.5.xsd, http://www.springframework.org/schema/jee/spring-jee-2.5.xsd=org/springframework/ejb/config/spring-jee-2.5.xsd, http://cxf.apache.org/schemas/configuration/cxf-beans.xsd=schemas/configuration/cxf-beans.xsd, http://www.springframework.org/schema/task/spring-task-3.0.xsd=org/springframework/scheduling/config/spring-task-3.0.xsd, http://cxf.apache.org/schemas/core.xsd=schemas/core.xsd, http://www.springframework.org/schema/lang/spring-lang.xsd=org/springframework/scripting/config/spring-lang-3.1.xsd, http://www.springframework.org/schema/util/spring-util-3.1.xsd=org/springframework/beans/factory/xml/spring-util-3.1.xsd, http://www.springframework.org/schema/beans/spring-beans-2.0.xsd=org/springframework/beans/factory/xml/spring-beans-2.0.xsd, http://cxf.apache.org/schemas/configuration/security.xsd=schemas/configuration/security.xsd, http://www.springframework.org/schema/cache/spring-cache.xsd=org/springframework/cache/config/spring-cache-3.1.xsd, http://www.springframework.org/schema/tx/spring-tx.xsd=org/springframework/transaction/config/spring-tx-3.1.xsd, http://cxf.apache.org/schemas/configuration/soap.xsd=schemas/configuration/soap.xsd, http://www.springframework.org/schema/beans/spring-beans-2.5.xsd=org/springframework/beans/factory/xml/spring-beans-2.5.xsd, http://cxf.apache.org/schemas/jaxws.xsd=schemas/jaxws.xsd, http://cxf.apache.org/schemas/simple.xsd=schemas/simple.xsd, http://www.springframework.org/schema/tx/spring-tx-2.0.xsd=org/springframework/transaction/config/spring-tx-2.0.xsd, http://cxf.apache.org/schemas/configuration/wsrm-manager-types.xsd=schemas/configuration/wsrm-manager-types.xsd, http://www.springframework.org/schema/aop/spring-aop.xsd=org/springframework/aop/config/spring-aop-3.1.xsd}
2016-03-19 08:18:43,272 DEBUG [org.springframework.beans.factory.xml.PluggableSchemaResolver] Found XML schema [http://www.springframework.org/schema/beans/spring-beans.xsd] in classpath: org/springframework/beans/factory/xml/spring-beans-3.1.xsd
2016-03-19 08:18:43,404 DEBUG [org.springframework.beans.factory.xml.PluggableSchemaResolver] Found XML schema [http://cxf.apache.org/schemas/jaxrs.xsd] in classpath: schemas/jaxrs.xsd
2016-03-19 08:18:43,429 DEBUG [org.springframework.beans.factory.xml.PluggableSchemaResolver] Found XML schema [http://cxf.apache.org/schemas/configuration/cxf-beans.xsd] in classpath: schemas/configuration/cxf-beans.xsd
2016-03-19 08:18:43,469 DEBUG [org.springframework.beans.factory.xml.PluggableSchemaResolver] Found XML schema [http://cxf.apache.org/schemas/core.xsd] in classpath: schemas/core.xsd
2016-03-19 08:18:43,483 DEBUG [org.springframework.beans.factory.xml.PluggableSchemaResolver] Found XML schema [http://cxf.apache.org/schemas/configuration/parameterized-types.xsd] in classpath: schemas/configuration/parameterized-types.xsd
2016-03-19 08:18:43,525 DEBUG [org.springframework.beans.factory.xml.DefaultBeanDefinitionDocumentReader] Loading bean definitions
2016-03-19 08:18:43,573 INFO  [org.springframework.beans.factory.xml.XmlBeanDefinitionReader] Loading XML bean definitions from class path resource [META-INF/cxf/cxf.xml]
2016-03-19 08:18:43,580 DEBUG [org.springframework.beans.factory.xml.DefaultDocumentLoader] Using JAXP provider [com.sun.org.apache.xerces.internal.jaxp.DocumentBuilderFactoryImpl]
2016-03-19 08:18:43,591 DEBUG [org.springframework.beans.factory.xml.PluggableSchemaResolver] Found XML schema [http://www.springframework.org/schema/beans/spring-beans.xsd] in classpath: org/springframework/beans/factory/xml/spring-beans-3.1.xsd
2016-03-19 08:18:43,651 DEBUG [org.springframework.beans.factory.xml.DefaultBeanDefinitionDocumentReader] Loading bean definitions
2016-03-19 08:18:43,696 DEBUG [org.springframework.beans.factory.xml.XmlBeanDefinitionReader] Loaded 4 bean definitions from location pattern [classpath:META-INF/cxf/cxf.xml]
2016-03-19 08:18:43,696 DEBUG [org.springframework.beans.factory.xml.DefaultBeanDefinitionDocumentReader] Imported 4 bean definitions from URL location [classpath:META-INF/cxf/cxf.xml]
2016-03-19 08:18:43,698 INFO  [org.springframework.beans.factory.xml.XmlBeanDefinitionReader] Loading XML bean definitions from class path resource [META-INF/cxf/cxf-servlet.xml]
2016-03-19 08:18:43,710 DEBUG [org.springframework.beans.factory.xml.DefaultDocumentLoader] Using JAXP provider [com.sun.org.apache.xerces.internal.jaxp.DocumentBuilderFactoryImpl]
2016-03-19 08:18:43,722 DEBUG [org.springframework.beans.factory.xml.PluggableSchemaResolver] Found XML schema [http://www.springframework.org/schema/beans/spring-beans.xsd] in classpath: org/springframework/beans/factory/xml/spring-beans-3.1.xsd
2016-03-19 08:18:43,770 DEBUG [org.springframework.beans.factory.xml.DefaultBeanDefinitionDocumentReader] Loading bean definitions
2016-03-19 08:18:43,771 DEBUG [org.springframework.beans.factory.xml.XmlBeanDefinitionReader] Loaded 0 bean definitions from location pattern [classpath:META-INF/cxf/cxf-servlet.xml]
2016-03-19 08:18:43,771 DEBUG [org.springframework.beans.factory.xml.DefaultBeanDefinitionDocumentReader] Imported 0 bean definitions from URL location [classpath:META-INF/cxf/cxf-servlet.xml]
2016-03-19 08:18:43,771 INFO  [org.springframework.beans.factory.xml.XmlBeanDefinitionReader] Loading XML bean definitions from class path resource [META-INF/cxf/cxf-extension-soap.xml]
2016-03-19 08:18:43,783 DEBUG [org.springframework.beans.factory.xml.DefaultDocumentLoader] Using JAXP provider [com.sun.org.apache.xerces.internal.jaxp.DocumentBuilderFactoryImpl]
2016-03-19 08:18:43,794 DEBUG [org.springframework.beans.factory.xml.PluggableSchemaResolver] Found XML schema [http://www.springframework.org/schema/beans/spring-beans.xsd] in classpath: org/springframework/beans/factory/xml/spring-beans-3.1.xsd
2016-03-19 08:18:43,839 DEBUG [org.springframework.beans.factory.xml.DefaultBeanDefinitionDocumentReader] Loading bean definitions
2016-03-19 08:18:43,854 DEBUG [org.springframework.beans.factory.xml.BeanDefinitionParserDelegate] Neither XML 'id' nor 'name' specified - using generated bean name [org.apache.cxf.binding.soap.spring.SoapVersionRegistrar#1f04726]
2016-03-19 08:18:43,855 DEBUG [org.springframework.beans.factory.xml.XmlBeanDefinitionReader] Loaded 3 bean definitions from location pattern [classpath:META-INF/cxf/cxf-extension-soap.xml]
2016-03-19 08:18:43,855 DEBUG [org.springframework.beans.factory.xml.DefaultBeanDefinitionDocumentReader] Imported 3 bean definitions from URL location [classpath:META-INF/cxf/cxf-extension-soap.xml]
2016-03-19 08:18:43,863 DEBUG [org.springframework.beans.factory.xml.DefaultNamespaceHandlerResolver] Loaded NamespaceHandler mappings: {http://www.springframework.org/schema/task=org.springframework.scheduling.config.TaskNamespaceHandler, http://www.springframework.org/schema/p=org.springframework.beans.factory.xml.SimplePropertyNamespaceHandler, http://cxf.apache.org/transports/http-jetty/configuration=org.apache.cxf.transport.http_jetty.spring.NamespaceHandler, http://www.w3.org/2006/07/ws-policy=org.apache.cxf.ws.policy.spring.PolicyNamespaceHandler, http://www.springframework.org/schema/lang=org.springframework.scripting.config.LangNamespaceHandler, http://www.springframework.org/schema/util=org.springframework.beans.factory.xml.UtilNamespaceHandler, http://www.springframework.org/schema/c=org.springframework.beans.factory.xml.SimpleConstructorNamespaceHandler, http://cxf.apache.org/jaxws=org.apache.cxf.jaxws.spring.NamespaceHandler, http://cxf.apache.org/policy=org.apache.cxf.ws.policy.spring.NamespaceHandler, http://www.springframework.org/schema/jee=org.springframework.ejb.config.JeeNamespaceHandler, http://cxf.apache.org/transports/jms=org.apache.cxf.transport.jms.spring.NamespaceHandler, http://cxf.apache.org/transports/http/configuration=org.apache.cxf.transport.http.spring.NamespaceHandler, http://cxf.apache.org/bindings/object=org.apache.cxf.binding.object.spring.NamespaceHandler, http://www.springframework.org/schema/tx=org.springframework.transaction.config.TxNamespaceHandler, http://cxf.apache.org/ws/addressing=org.apache.cxf.ws.addressing.spring.NamespaceHandler, http://cxf.apache.org/clustering=org.apache.cxf.clustering.spring.NamespaceHandler, http://cxf.apache.org/simple=org.apache.cxf.frontend.spring.NamespaceHandler, http://www.springframework.org/schema/aop=org.springframework.aop.config.AopNamespaceHandler, http://www.springframework.org/schema/jdbc=org.springframework.jdbc.config.JdbcNamespaceHandler, http://cxf.apache.org/jaxrs=org.apache.cxf.jaxrs.spring.NamespaceHandler, http://www.springframework.org/schema/context=org.springframework.context.config.ContextNamespaceHandler, http://cxf.apache.org/core=org.apache.cxf.bus.spring.NamespaceHandler, http://cxf.apache.org/binding/coloc=org.apache.cxf.binding.coloc.spring.NamespaceHandler, http://schemas.xmlsoap.org/ws/2004/09/policy=org.apache.cxf.ws.policy.spring.PolicyNamespaceHandler, http://www.springframework.org/schema/cache=org.springframework.cache.config.CacheNamespaceHandler, http://www.w3.org/ns/ws-policy=org.apache.cxf.ws.policy.spring.PolicyNamespaceHandler, http://cxf.apache.org/ws/rm/manager=org.apache.cxf.ws.rm.spring.NamespaceHandler, http://cxf.apache.org/bindings/soap=org.apache.cxf.binding.soap.spring.NamespaceHandler}
2016-03-19 08:18:44,202 DEBUG [org.apache.cxf.common.logging.LogUtils] Using org.apache.cxf.common.logging.Log4jLogger for logging.
2016-03-19 08:18:44,252 DEBUG [org.apache.cxf.configuration.spring.AbstractBeanDefinitionParser] Adding org.apache.cxf.configuration.spring.AbstractBeanDefinitionParser.wireBus attribute PROPERTY to bean org.springframework.beans.factory.support.BeanDefinitionBuilder@da2cfd
2016-03-19 08:18:44,273 DEBUG [org.springframework.beans.factory.xml.BeanDefinitionParserDelegate] Neither XML 'id' nor 'name' specified - using generated bean name [com.vis.oubl.service.SearchServiceSEIImpl#f48a0]
2016-03-19 08:18:44,274 DEBUG [org.apache.cxf.configuration.spring.AbstractBeanDefinitionParser] Adding org.apache.cxf.configuration.spring.AbstractBeanDefinitionParser.wireBus attribute PROPERTY to bean org.springframework.beans.factory.support.BeanDefinitionBuilder@16912de
2016-03-19 08:18:44,275 DEBUG [org.springframework.beans.factory.xml.BeanDefinitionParserDelegate] Neither XML 'id' nor 'name' specified - using generated bean name [com.vis.oubl.service.MedicalHistoryServiceSEIImpl#155e1dc]
2016-03-19 08:18:44,301 DEBUG [org.springframework.beans.factory.xml.BeanDefinitionParserDelegate] Using generated bean name [cxf:logging#1c9e087] for nested custom element 'cxf:logging'
2016-03-19 08:18:44,302 DEBUG [org.springframework.beans.factory.xml.XmlBeanDefinitionReader] Loaded 11 bean definitions from location pattern [/WEB-INF/applicationContext-CXF.xml]
2016-03-19 08:18:44,303 DEBUG [org.springframework.web.context.support.XmlWebApplicationContext] Bean factory for Root WebApplicationContext: org.springframework.beans.factory.support.DefaultListableBeanFactory@511f18: defining beans [cxf,org.apache.cxf.bus.spring.BusWiringBeanFactoryPostProcessor,org.apache.cxf.bus.spring.Jsr250BeanPostProcessor,org.apache.cxf.bus.spring.BusExtensionPostProcessor,org.apache.cxf.binding.soap.SoapBindingFactory,org.apache.cxf.binding.soap.SoapTransportFactory,org.apache.cxf.binding.soap.customEditorConfigurer,SearchService,MedicalHistoryService,jsonProvider,cxf.config0]; root of factory hierarchy
2016-03-19 08:18:44,410 DEBUG [org.springframework.beans.factory.support.DefaultListableBeanFactory] Creating shared instance of singleton bean 'org.apache.cxf.binding.soap.customEditorConfigurer'
2016-03-19 08:18:44,411 DEBUG [org.springframework.beans.factory.support.DefaultListableBeanFactory] Creating instance of bean 'org.apache.cxf.binding.soap.customEditorConfigurer'
2016-03-19 08:18:44,524 DEBUG [org.springframework.beans.factory.support.DefaultListableBeanFactory] Eagerly caching bean 'org.apache.cxf.binding.soap.customEditorConfigurer' to allow for resolving potential circular references
2016-03-19 08:18:44,539 DEBUG [org.springframework.beans.factory.support.DefaultListableBeanFactory] Creating instance of bean 'org.apache.cxf.binding.soap.spring.SoapVersionRegistrar#1f04726'
2016-03-19 08:18:44,541 DEBUG [org.springframework.beans.factory.support.DefaultListableBeanFactory] Finished creating instance of bean 'org.apache.cxf.binding.soap.spring.SoapVersionRegistrar#1f04726'
2016-03-19 08:18:44,612 DEBUG [org.springframework.core.env.StandardEnvironment] Initializing new StandardEnvironment
2016-03-19 08:18:44,612 DEBUG [org.springframework.core.env.StandardEnvironment] Adding [systemProperties] PropertySource with lowest search precedence
2016-03-19 08:18:44,613 DEBUG [org.springframework.core.env.StandardEnvironment] Adding [systemEnvironment] PropertySource with lowest search precedence
2016-03-19 08:18:44,613 DEBUG [org.springframework.core.env.StandardEnvironment] Initialized StandardEnvironment with PropertySources [systemProperties,systemEnvironment]
2016-03-19 08:18:44,614 DEBUG [org.springframework.core.env.StandardEnvironment] Initializing new StandardEnvironment
2016-03-19 08:18:44,614 DEBUG [org.springframework.core.env.StandardEnvironment] Adding [systemProperties] PropertySource with lowest search precedence
2016-03-19 08:18:44,614 DEBUG [org.springframework.core.env.StandardEnvironment] Adding [systemEnvironment] PropertySource with lowest search precedence
2016-03-19 08:18:44,614 DEBUG [org.springframework.core.env.StandardEnvironment] Initialized StandardEnvironment with PropertySources [systemProperties,systemEnvironment]
2016-03-19 08:18:44,615 DEBUG [org.springframework.core.env.StandardEnvironment] Initializing new StandardEnvironment
2016-03-19 08:18:44,615 DEBUG [org.springframework.core.env.StandardEnvironment] Adding [systemProperties] PropertySource with lowest search precedence
2016-03-19 08:18:44,616 DEBUG [org.springframework.core.env.StandardEnvironment] Adding [systemEnvironment] PropertySource with lowest search precedence
2016-03-19 08:18:44,616 DEBUG [org.springframework.core.env.StandardEnvironment] Initialized StandardEnvironment with PropertySources [systemProperties,systemEnvironment]
2016-03-19 08:18:44,623 DEBUG [org.springframework.core.env.StandardEnvironment] Initializing new StandardEnvironment
2016-03-19 08:18:44,624 DEBUG [org.springframework.core.env.StandardEnvironment] Adding [systemProperties] PropertySource with lowest search precedence
2016-03-19 08:18:44,624 DEBUG [org.springframework.core.env.StandardEnvironment] Adding [systemEnvironment] PropertySource with lowest search precedence
2016-03-19 08:18:44,625 DEBUG [org.springframework.core.env.StandardEnvironment] Initialized StandardEnvironment with PropertySources [systemProperties,systemEnvironment]
2016-03-19 08:18:44,628 DEBUG [org.springframework.core.env.StandardEnvironment] Initializing new StandardEnvironment
2016-03-19 08:18:44,628 DEBUG [org.springframework.core.env.StandardEnvironment] Adding [systemProperties] PropertySource with lowest search precedence
2016-03-19 08:18:44,628 DEBUG [org.springframework.core.env.StandardEnvironment] Adding [systemEnvironment] PropertySource with lowest search precedence
2016-03-19 08:18:44,629 DEBUG [org.springframework.core.env.StandardEnvironment] Initialized StandardEnvironment with PropertySources [systemProperties,systemEnvironment]
2016-03-19 08:18:44,655 DEBUG [org.springframework.beans.factory.support.DefaultListableBeanFactory] Finished creating instance of bean 'org.apache.cxf.binding.soap.customEditorConfigurer'
2016-03-19 08:18:44,656 DEBUG [org.springframework.beans.factory.support.DefaultListableBeanFactory] Creating shared instance of singleton bean 'org.apache.cxf.bus.spring.BusWiringBeanFactoryPostProcessor'
2016-03-19 08:18:44,656 DEBUG [org.springframework.beans.factory.support.DefaultListableBeanFactory] Creating instance of bean 'org.apache.cxf.bus.spring.BusWiringBeanFactoryPostProcessor'
2016-03-19 08:18:44,661 DEBUG [org.springframework.beans.factory.support.DefaultListableBeanFactory] Eagerly caching bean 'org.apache.cxf.bus.spring.BusWiringBeanFactoryPostProcessor' to allow for resolving potential circular references
2016-03-19 08:18:44,661 DEBUG [org.springframework.beans.factory.support.DefaultListableBeanFactory] Finished creating instance of bean 'org.apache.cxf.bus.spring.BusWiringBeanFactoryPostProcessor'
2016-03-19 08:18:44,665 DEBUG [org.springframework.beans.factory.support.DefaultListableBeanFactory] Creating shared instance of singleton bean 'org.apache.cxf.bus.spring.Jsr250BeanPostProcessor'
2016-03-19 08:18:44,665 DEBUG [org.springframework.beans.factory.support.DefaultListableBeanFactory] Creating instance of bean 'org.apache.cxf.bus.spring.Jsr250BeanPostProcessor'
2016-03-19 08:18:44,668 DEBUG [org.springframework.beans.factory.support.DefaultListableBeanFactory] Eagerly caching bean 'org.apache.cxf.bus.spring.Jsr250BeanPostProcessor' to allow for resolving potential circular references
2016-03-19 08:18:44,680 DEBUG [org.springframework.beans.factory.support.DefaultListableBeanFactory] Finished creating instance of bean 'org.apache.cxf.bus.spring.Jsr250BeanPostProcessor'
2016-03-19 08:18:44,681 DEBUG [org.springframework.beans.factory.support.DefaultListableBeanFactory] Creating shared instance of singleton bean 'org.apache.cxf.bus.spring.BusExtensionPostProcessor'
2016-03-19 08:18:44,681 DEBUG [org.springframework.beans.factory.support.DefaultListableBeanFactory] Creating instance of bean 'org.apache.cxf.bus.spring.BusExtensionPostProcessor'
2016-03-19 08:18:44,682 DEBUG [org.springframework.beans.factory.support.DefaultListableBeanFactory] Eagerly caching bean 'org.apache.cxf.bus.spring.BusExtensionPostProcessor' to allow for resolving potential circular references
2016-03-19 08:18:44,682 DEBUG [org.springframework.beans.factory.support.DefaultListableBeanFactory] Finished creating instance of bean 'org.apache.cxf.bus.spring.BusExtensionPostProcessor'
2016-03-19 08:18:44,691 DEBUG [org.springframework.web.context.support.XmlWebApplicationContext] Unable to locate MessageSource with name 'messageSource': using default [org.springframework.context.support.DelegatingMessageSource@1a259f1]
2016-03-19 08:18:44,696 DEBUG [org.springframework.web.context.support.XmlWebApplicationContext] Unable to locate ApplicationEventMulticaster with name 'applicationEventMulticaster': using default [org.springframework.context.event.SimpleApplicationEventMulticaster@236fa5]
2016-03-19 08:18:44,704 DEBUG [org.springframework.ui.context.support.UiApplicationContextUtils] Unable to locate ThemeSource with name 'themeSource': using default [org.springframework.ui.context.support.ResourceBundleThemeSource@fdfb2c]
2016-03-19 08:18:44,707 INFO  [org.springframework.beans.factory.support.DefaultListableBeanFactory] Pre-instantiating singletons in org.springframework.beans.factory.support.DefaultListableBeanFactory@511f18: defining beans [cxf,org.apache.cxf.bus.spring.BusWiringBeanFactoryPostProcessor,org.apache.cxf.bus.spring.Jsr250BeanPostProcessor,org.apache.cxf.bus.spring.BusExtensionPostProcessor,org.apache.cxf.binding.soap.SoapBindingFactory,org.apache.cxf.binding.soap.SoapTransportFactory,org.apache.cxf.binding.soap.customEditorConfigurer,SearchService,MedicalHistoryService,jsonProvider,cxf.config0]; root of factory hierarchy
2016-03-19 08:18:44,707 DEBUG [org.springframework.beans.factory.support.DefaultListableBeanFactory] Creating shared instance of singleton bean 'cxf'
2016-03-19 08:18:44,708 DEBUG [org.springframework.beans.factory.support.DefaultListableBeanFactory] Creating instance of bean 'cxf'
2016-03-19 08:18:45,055 DEBUG [org.springframework.beans.factory.support.DefaultListableBeanFactory] Eagerly caching bean 'cxf' to allow for resolving potential circular references
2016-03-19 08:18:45,056 DEBUG [org.springframework.beans.factory.support.DefaultListableBeanFactory] Creating instance of bean 'cxf:logging#1c9e087'
2016-03-19 08:18:45,152 DEBUG [org.springframework.core.env.StandardEnvironment] Initializing new StandardEnvironment
2016-03-19 08:18:45,152 DEBUG [org.springframework.core.env.StandardEnvironment] Adding [systemProperties] PropertySource with lowest search precedence
2016-03-19 08:18:45,153 DEBUG [org.springframework.core.env.StandardEnvironment] Adding [systemEnvironment] PropertySource with lowest search precedence
2016-03-19 08:18:45,153 DEBUG [org.springframework.core.env.StandardEnvironment] Initialized StandardEnvironment with PropertySources [systemProperties,systemEnvironment]
2016-03-19 08:18:45,154 DEBUG [org.springframework.core.env.StandardEnvironment] Initializing new StandardEnvironment
2016-03-19 08:18:45,154 DEBUG [org.springframework.core.env.StandardEnvironment] Adding [systemProperties] PropertySource with lowest search precedence
2016-03-19 08:18:45,154 DEBUG [org.springframework.core.env.StandardEnvironment] Adding [systemEnvironment] PropertySource with lowest search precedence
2016-03-19 08:18:45,154 DEBUG [org.springframework.core.env.StandardEnvironment] Initialized StandardEnvironment with PropertySources [systemProperties,systemEnvironment]
2016-03-19 08:18:45,155 DEBUG [org.springframework.core.env.StandardEnvironment] Initializing new StandardEnvironment
2016-03-19 08:18:45,155 DEBUG [org.springframework.core.env.StandardEnvironment] Adding [systemProperties] PropertySource with lowest search precedence
2016-03-19 08:18:45,155 DEBUG [org.springframework.core.env.StandardEnvironment] Adding [systemEnvironment] PropertySource with lowest search precedence
2016-03-19 08:18:45,156 DEBUG [org.springframework.core.env.StandardEnvironment] Initialized StandardEnvironment with PropertySources [systemProperties,systemEnvironment]
2016-03-19 08:18:45,156 DEBUG [org.springframework.core.env.StandardEnvironment] Initializing new StandardEnvironment
2016-03-19 08:18:45,156 DEBUG [org.springframework.core.env.StandardEnvironment] Adding [systemProperties] PropertySource with lowest search precedence
2016-03-19 08:18:45,157 DEBUG [org.springframework.core.env.StandardEnvironment] Adding [systemEnvironment] PropertySource with lowest search precedence
2016-03-19 08:18:45,157 DEBUG [org.springframework.core.env.StandardEnvironment] Initialized StandardEnvironment with PropertySources [systemProperties,systemEnvironment]
2016-03-19 08:18:45,158 DEBUG [org.springframework.core.env.StandardEnvironment] Initializing new StandardEnvironment
2016-03-19 08:18:45,158 DEBUG [org.springframework.core.env.StandardEnvironment] Adding [systemProperties] PropertySource with lowest search precedence
2016-03-19 08:18:45,158 DEBUG [org.springframework.core.env.StandardEnvironment] Adding [systemEnvironment] PropertySource with lowest search precedence
2016-03-19 08:18:45,158 DEBUG [org.springframework.core.env.StandardEnvironment] Initialized StandardEnvironment with PropertySources [systemProperties,systemEnvironment]
2016-03-19 08:18:45,173 DEBUG [org.springframework.beans.factory.support.DefaultListableBeanFactory] Finished creating instance of bean 'cxf:logging#1c9e087'
2016-03-19 08:18:45,404 DEBUG [org.apache.cxf.configuration.spring.ConfigurerImpl] Could not determine bean name for instance of class org.apache.cxf.ws.policy.PolicyAnnotationListener.
2016-03-19 08:18:45,424 DEBUG [org.apache.cxf.configuration.spring.ConfigurerImpl] Could not determine bean name for instance of class org.apache.cxf.service.factory.FactoryBeanListenerManager.
2016-03-19 08:18:45,439 DEBUG [org.apache.cxf.configuration.spring.ConfigurerImpl] Could not determine bean name for instance of class org.apache.cxf.ws.policy.PolicyEngineImpl.
2016-03-19 08:18:45,444 DEBUG [org.apache.cxf.configuration.spring.ConfigurerImpl] Could not determine bean name for instance of class org.apache.cxf.buslifecycle.CXFBusLifeCycleManager.
2016-03-19 08:18:45,448 DEBUG [org.apache.cxf.configuration.spring.ConfigurerImpl] Could not determine bean name for instance of class org.apache.cxf.endpoint.ServerRegistryImpl.
2016-03-19 08:18:45,478 DEBUG [org.apache.cxf.configuration.spring.ConfigurerImpl] Could not determine bean name for instance of class org.apache.cxf.management.jmx.InstrumentationManagerImpl.
2016-03-19 08:18:45,508 DEBUG [org.springframework.beans.factory.support.DefaultListableBeanFactory] Finished creating instance of bean 'cxf'
2016-03-19 08:18:45,509 DEBUG [org.springframework.beans.factory.support.DefaultListableBeanFactory] Returning cached instance of singleton bean 'org.apache.cxf.bus.spring.BusWiringBeanFactoryPostProcessor'
2016-03-19 08:18:45,509 DEBUG [org.springframework.beans.factory.support.DefaultListableBeanFactory] Returning cached instance of singleton bean 'org.apache.cxf.bus.spring.Jsr250BeanPostProcessor'
2016-03-19 08:18:45,509 DEBUG [org.springframework.beans.factory.support.DefaultListableBeanFactory] Returning cached instance of singleton bean 'org.apache.cxf.bus.spring.BusExtensionPostProcessor'
2016-03-19 08:18:45,509 DEBUG [org.springframework.beans.factory.support.DefaultListableBeanFactory] Returning cached instance of singleton bean 'org.apache.cxf.binding.soap.customEditorConfigurer'
2016-03-19 08:18:45,509 DEBUG [org.springframework.beans.factory.support.DefaultListableBeanFactory] Creating shared instance of singleton bean 'SearchService'
2016-03-19 08:18:45,509 DEBUG [org.springframework.beans.factory.support.DefaultListableBeanFactory] Creating instance of bean 'SearchService'
2016-03-19 08:18:45,587 DEBUG [org.springframework.beans.factory.support.DefaultListableBeanFactory] Eagerly caching bean 'SearchService' to allow for resolving potential circular references
2016-03-19 08:18:45,742 DEBUG [org.springframework.beans.factory.support.DefaultListableBeanFactory] Creating instance of bean 'com.vis.oubl.service.SearchServiceSEIImpl#f48a0'
2016-03-19 08:18:45,817 DEBUG [org.springframework.beans.factory.support.DefaultListableBeanFactory] Finished creating instance of bean 'com.vis.oubl.service.SearchServiceSEIImpl#f48a0'
2016-03-19 08:18:45,818 DEBUG [org.springframework.beans.factory.support.DefaultListableBeanFactory] Creating shared instance of singleton bean 'jsonProvider'
2016-03-19 08:18:45,818 DEBUG [org.springframework.beans.factory.support.DefaultListableBeanFactory] Creating instance of bean 'jsonProvider'
2016-03-19 08:18:45,821 DEBUG [org.springframework.beans.factory.support.DefaultListableBeanFactory] Eagerly caching bean 'jsonProvider' to allow for resolving potential circular references
2016-03-19 08:18:45,889 DEBUG [org.springframework.core.env.StandardEnvironment] Initializing new StandardEnvironment
2016-03-19 08:18:45,890 DEBUG [org.springframework.core.env.StandardEnvironment] Adding [systemProperties] PropertySource with lowest search precedence
2016-03-19 08:18:45,890 DEBUG [org.springframework.core.env.StandardEnvironment] Adding [systemEnvironment] PropertySource with lowest search precedence
2016-03-19 08:18:45,890 DEBUG [org.springframework.core.env.StandardEnvironment] Initialized StandardEnvironment with PropertySources [systemProperties,systemEnvironment]
2016-03-19 08:18:45,891 DEBUG [org.springframework.core.env.StandardEnvironment] Initializing new StandardEnvironment
2016-03-19 08:18:45,892 DEBUG [org.springframework.core.env.StandardEnvironment] Adding [systemProperties] PropertySource with lowest search precedence
2016-03-19 08:18:45,892 DEBUG [org.springframework.core.env.StandardEnvironment] Adding [systemEnvironment] PropertySource with lowest search precedence
2016-03-19 08:18:45,892 DEBUG [org.springframework.core.env.StandardEnvironment] Initialized StandardEnvironment with PropertySources [systemProperties,systemEnvironment]
2016-03-19 08:18:45,893 DEBUG [org.springframework.core.env.StandardEnvironment] Initializing new StandardEnvironment
2016-03-19 08:18:45,894 DEBUG [org.springframework.core.env.StandardEnvironment] Adding [systemProperties] PropertySource with lowest search precedence
2016-03-19 08:18:45,894 DEBUG [org.springframework.core.env.StandardEnvironment] Adding [systemEnvironment] PropertySource with lowest search precedence
2016-03-19 08:18:45,894 DEBUG [org.springframework.core.env.StandardEnvironment] Initialized StandardEnvironment with PropertySources [systemProperties,systemEnvironment]
2016-03-19 08:18:45,895 DEBUG [org.springframework.core.env.StandardEnvironment] Initializing new StandardEnvironment
2016-03-19 08:18:45,896 DEBUG [org.springframework.core.env.StandardEnvironment] Adding [systemProperties] PropertySource with lowest search precedence
2016-03-19 08:18:45,896 DEBUG [org.springframework.core.env.StandardEnvironment] Adding [systemEnvironment] PropertySource with lowest search precedence
2016-03-19 08:18:45,896 DEBUG [org.springframework.core.env.StandardEnvironment] Initialized StandardEnvironment with PropertySources [systemProperties,systemEnvironment]
2016-03-19 08:18:45,897 DEBUG [org.springframework.core.env.StandardEnvironment] Initializing new StandardEnvironment
2016-03-19 08:18:45,897 DEBUG [org.springframework.core.env.StandardEnvironment] Adding [systemProperties] PropertySource with lowest search precedence
2016-03-19 08:18:45,898 DEBUG [org.springframework.core.env.StandardEnvironment] Adding [systemEnvironment] PropertySource with lowest search precedence
2016-03-19 08:18:45,898 DEBUG [org.springframework.core.env.StandardEnvironment] Initialized StandardEnvironment with PropertySources [systemProperties,systemEnvironment]
2016-03-19 08:18:45,915 DEBUG [org.springframework.beans.factory.support.DefaultListableBeanFactory] Finished creating instance of bean 'jsonProvider'
2016-03-19 08:18:45,916 DEBUG [org.springframework.beans.factory.support.DefaultListableBeanFactory] Returning cached instance of singleton bean 'cxf'
2016-03-19 08:18:46,256 DEBUG [org.apache.cxf.configuration.spring.ConfigurerImpl] Could not determine bean name for instance of class org.apache.cxf.binding.corba.CorbaBindingFactory.
2016-03-19 08:18:46,270 DEBUG [org.apache.cxf.configuration.spring.ConfigurerImpl] Could not determine bean name for instance of class org.apache.cxf.binding.soap.SoapBindingFactory.
2016-03-19 08:18:46,271 DEBUG [org.apache.cxf.configuration.spring.ConfigurerImpl] Could not determine bean name for instance of class org.apache.cxf.binding.xml.XMLBindingFactory.
2016-03-19 08:18:46,274 DEBUG [org.apache.cxf.configuration.spring.ConfigurerImpl] Could not determine bean name for instance of class org.apache.cxf.binding.object.ObjectBindingFactory.
2016-03-19 08:18:46,304 DEBUG [org.apache.cxf.configuration.spring.ConfigurerImpl] Could not determine bean name for instance of class org.apache.cxf.binding.http.HttpBindingFactory.
2016-03-19 08:18:46,308 DEBUG [org.springframework.beans.factory.support.DefaultListableBeanFactory] Invoking init method  'create' on bean with name 'SearchService'
2016-03-19 08:18:46,403 DEBUG [org.apache.cxf.configuration.spring.ConfigurerImpl] Could not determine bean name for instance of class org.apache.cxf.binding.soap.SoapTransportFactory.
2016-03-19 08:18:46,416 DEBUG [org.apache.cxf.configuration.spring.ConfigurerImpl] Could not determine bean name for instance of class org.apache.cxf.transport.http.HTTPTransportFactory.
2016-03-19 08:18:46,467 DEBUG [org.apache.cxf.configuration.spring.ConfigurerImpl] Could not determine bean name for instance of class org.apache.cxf.transport.local.LocalTransportFactory.
2016-03-19 08:18:46,469 DEBUG [org.apache.cxf.configuration.spring.ConfigurerImpl] Could not determine bean name for instance of class org.apache.cxf.transport.jms.JMSTransportFactory.
2016-03-19 08:18:46,476 DEBUG [org.apache.cxf.resource.DefaultResourceManager] resolving resource <cxf> type <interface org.apache.cxf.Bus>
2016-03-19 08:18:46,477 DEBUG [org.springframework.beans.factory.support.DefaultListableBeanFactory] Returning cached instance of singleton bean 'cxf'
2016-03-19 08:18:46,595 DEBUG [org.apache.cxf.configuration.spring.ConfigurerImpl] Could not determine bean name for instance of class org.apache.cxf.transport.http_jetty.JettyDestinationFactory.
2016-03-19 08:18:46,632 DEBUG [org.apache.cxf.configuration.spring.ConfigurerImpl] Could not find a definition for bean with id {http://service.oubl.vis.com/}SearchServiceSEIImpl.http-destination - no injection will be performed.
2016-03-19 08:18:46,632 INFO  [org.apache.cxf.endpoint.ServerImpl] Setting the server's publish address to be /
2016-03-19 08:18:46,641 DEBUG [org.apache.cxf.configuration.spring.ConfigurerImpl] Could not determine bean name for instance of class org.apache.cxf.ws.mex.MEXServerListener.
2016-03-19 08:18:46,643 DEBUG [org.apache.cxf.configuration.spring.ConfigurerImpl] Could not determine bean name for instance of class org.apache.cxf.endpoint.ServerLifeCycleManagerImpl.
2016-03-19 08:18:47,649 DEBUG [org.apache.cxf.endpoint.ServerImpl] Server is starting.
2016-03-19 08:18:47,659 DEBUG [org.apache.cxf.transport.servlet.ServletDestination] registering incoming observer: org.apache.cxf.transport.ChainInitiationObserver@27245b
2016-03-19 08:18:47,659 DEBUG [org.apache.cxf.endpoint.ServerImpl] register the server to serverRegistry 
2016-03-19 08:18:47,659 DEBUG [org.springframework.beans.factory.support.DefaultListableBeanFactory] Finished creating instance of bean 'SearchService'
2016-03-19 08:18:47,659 DEBUG [org.springframework.beans.factory.support.DefaultListableBeanFactory] Creating shared instance of singleton bean 'MedicalHistoryService'
2016-03-19 08:18:47,659 DEBUG [org.springframework.beans.factory.support.DefaultListableBeanFactory] Creating instance of bean 'MedicalHistoryService'
2016-03-19 08:18:47,659 DEBUG [org.springframework.beans.factory.support.DefaultListableBeanFactory] Eagerly caching bean 'MedicalHistoryService' to allow for resolving potential circular references
2016-03-19 08:18:47,659 DEBUG [org.springframework.beans.factory.support.DefaultListableBeanFactory] Creating instance of bean 'com.vis.oubl.service.MedicalHistoryServiceSEIImpl#155e1dc'
2016-03-19 08:18:47,659 DEBUG [org.springframework.beans.factory.support.DefaultListableBeanFactory] Finished creating instance of bean 'com.vis.oubl.service.MedicalHistoryServiceSEIImpl#155e1dc'
2016-03-19 08:18:47,659 DEBUG [org.springframework.beans.factory.support.DefaultListableBeanFactory] Returning cached instance of singleton bean 'jsonProvider'
2016-03-19 08:18:47,659 DEBUG [org.springframework.beans.factory.support.DefaultListableBeanFactory] Returning cached instance of singleton bean 'cxf'
2016-03-19 08:18:47,669 DEBUG [org.springframework.beans.factory.support.DefaultListableBeanFactory] Invoking init method  'create' on bean with name 'MedicalHistoryService'
2016-03-19 08:18:47,669 INFO  [org.apache.cxf.endpoint.ServerImpl] Setting the server's publish address to be /
2016-03-19 08:18:47,669 DEBUG [org.apache.cxf.endpoint.ServerImpl] Server is starting.
2016-03-19 08:18:47,669 DEBUG [org.apache.cxf.transport.servlet.ServletDestination] registering incoming observer: org.apache.cxf.transport.ChainInitiationObserver@1ac06c8
2016-03-19 08:18:47,669 DEBUG [org.apache.cxf.endpoint.ServerImpl] register the server to serverRegistry 
2016-03-19 08:18:47,669 DEBUG [org.springframework.beans.factory.support.DefaultListableBeanFactory] Finished creating instance of bean 'MedicalHistoryService'
2016-03-19 08:18:47,669 DEBUG [org.springframework.beans.factory.support.DefaultListableBeanFactory] Returning cached instance of singleton bean 'jsonProvider'
2016-03-19 08:18:47,669 DEBUG [org.springframework.beans.factory.support.DefaultListableBeanFactory] Creating shared instance of singleton bean 'cxf.config0'
2016-03-19 08:18:47,669 DEBUG [org.springframework.beans.factory.support.DefaultListableBeanFactory] Creating instance of bean 'cxf.config0'
2016-03-19 08:18:47,733 DEBUG [org.springframework.beans.factory.support.DefaultListableBeanFactory] Eagerly caching bean 'cxf.config0' to allow for resolving potential circular references
2016-03-19 08:18:47,733 DEBUG [org.springframework.beans.factory.support.DefaultListableBeanFactory] Finished creating instance of bean 'cxf.config0'
2016-03-19 08:18:47,733 DEBUG [org.springframework.web.context.support.XmlWebApplicationContext] Unable to locate LifecycleProcessor with name 'lifecycleProcessor': using default [org.springframework.context.support.DefaultLifecycleProcessor@156da4e]
2016-03-19 08:18:47,733 DEBUG [org.springframework.beans.factory.support.DefaultListableBeanFactory] Returning cached instance of singleton bean 'lifecycleProcessor'
2016-03-19 08:18:47,743 DEBUG [org.springframework.beans.factory.support.DefaultListableBeanFactory] Returning cached instance of singleton bean 'cxf'
2016-03-19 08:18:47,743 DEBUG [org.springframework.web.context.ContextLoader] Published root WebApplicationContext as ServletContext attribute with name [org.springframework.web.context.WebApplicationContext.ROOT]
2016-03-19 08:18:47,743 INFO  [org.springframework.web.context.ContextLoader] Root WebApplicationContext: initialization completed in 6210 ms
2016-03-19 08:18:47,897 DEBUG [org.springframework.beans.factory.support.DefaultListableBeanFactory] Returning cached instance of singleton bean 'cxf'
2016-03-19 08:18:48,669 INFO  [org.springframework.web.context.support.XmlWebApplicationContext] Closing Root WebApplicationContext: startup date [Sat Mar 19 08:18:42 EET 2016]; root of context hierarchy
2016-03-19 08:18:48,673 DEBUG [org.springframework.beans.factory.support.DefaultListableBeanFactory] Returning cached instance of singleton bean 'cxf'
2016-03-19 08:18:48,674 DEBUG [org.apache.cxf.endpoint.ServerImpl] Server is stopping.
2016-03-19 08:18:48,676 DEBUG [org.apache.cxf.transport.servlet.ServletDestination] unregistering incoming observer: org.apache.cxf.transport.ChainInitiationObserver@1ac06c8
2016-03-19 08:18:48,677 DEBUG [org.apache.cxf.endpoint.ServerImpl] unregister the server to serverRegistry 
2016-03-19 08:18:48,677 DEBUG [org.apache.cxf.endpoint.ServerImpl] Server is stopping.
2016-03-19 08:18:48,678 DEBUG [org.apache.cxf.endpoint.ServerImpl] unregister the server to serverRegistry 
2016-03-19 08:18:48,679 DEBUG [org.springframework.beans.factory.support.DefaultListableBeanFactory] Returning cached instance of singleton bean 'lifecycleProcessor'
2016-03-19 08:18:48,680 INFO  [org.springframework.beans.factory.support.DefaultListableBeanFactory] Destroying singletons in org.springframework.beans.factory.support.DefaultListableBeanFactory@511f18: defining beans [cxf,org.apache.cxf.bus.spring.BusWiringBeanFactoryPostProcessor,org.apache.cxf.bus.spring.Jsr250BeanPostProcessor,org.apache.cxf.bus.spring.BusExtensionPostProcessor,org.apache.cxf.binding.soap.SoapBindingFactory,org.apache.cxf.binding.soap.SoapTransportFactory,org.apache.cxf.binding.soap.customEditorConfigurer,SearchService,MedicalHistoryService,jsonProvider,cxf.config0]; root of factory hierarchy
2016-03-19 08:18:48,683 DEBUG [org.springframework.beans.factory.support.DefaultListableBeanFactory] Retrieved dependent beans for bean 'com.vis.oubl.service.MedicalHistoryServiceSEIImpl#155e1dc': [MedicalHistoryService]
2016-03-19 08:18:48,684 DEBUG [org.springframework.beans.factory.support.DefaultListableBeanFactory] Retrieved dependent beans for bean 'com.vis.oubl.service.SearchServiceSEIImpl#f48a0': [SearchService]
2016-03-19 08:18:48,688 DEBUG [org.springframework.beans.factory.support.DisposableBeanAdapter] Invoking destroy method 'shutdown' on bean with name 'cxf'
2016-03-19 08:18:48,691 DEBUG [org.springframework.beans.factory.support.DefaultListableBeanFactory] Retrieved dependent beans for bean 'cxf:logging#1c9e087': [cxf]
2016-03-19 08:18:48,706 INFO  [org.eclipse.jetty.servlet.listener.ELContextCleaner] javax.el.BeanELResolver purged
